4.508996073536163385e-01
9.999999999857290822e-01
9.999999999857290822e-01
4.508996073536163385e-01
6.999999999999999556e-01
6.999999999999999556e-01
4.508996073536163385e-01 0.000000000000000000e+00
6.999999992399889015e-01 -9.999994368854459026e-03
6.999999999999999556e-01 -1.000000000000000021e-02
4.508996073536163385e-01 -0.000000000000000000e+00
9.999999992389557724e-01 -9.999994312124727003e-03
4.508996073536163385e-01 -0.000000000000000000e+00
6.999999992399889015e-01 -9.999994368854459026e-03
6.999999999999999556e-01 -1.000000000000000021e-02
4.508996073536163385e-01 -0.000000000000000000e+00
6.999999999999999556e-01 -2.000000000000000042e-02
4.508996073536163385e-01 -2.000000000000000042e-02
4.508996073536163385e-01 -0.000000000000000000e+00
6.999999973421789923e-01 -9.999979503959366411e-03
4.508996073536163385e-01 -0.000000000000000000e+00
6.999999999999999556e-01 -1.000000000000000021e-02
6.999999999999999556e-01 -1.000000000000000021e-02
4.508996073536163385e-01 -0.000000000000000000e+00
6.999999999831970632e-01 -9.999999870530018597e-03
6.999999999831970632e-01 -9.999999870530018597e-03
-0.000000000000000000e+00
-9.999999917852164799e-03
-9.999999917852164799e-03
-0.000000000000000000e+00
-9.999997345630617929e-03
-1.000000000000000021e-02
-0.000000000000000000e+00
-9.999985495710461691e-03
-1.000000000000000021e-02
4.508996073536163385e-01 -0.000000000000000000e+00
6.999999999999999556e-01 -1.000000000000000021e-02
6.999999999999999556e-01 -1.000000000000000021e-02
4.508996073536163385e-01 -0.000000000000000000e+00
6.999999865350016170e-01 -9.999917973573246854e-03
6.999999999999999556e-01 -1.000000000000000021e-02
4.508996073536163385e-01 -0.000000000000000000e+00
6.999999999999999556e-01 -1.000000000000000021e-02
4.508996073536163385e-01 -0.000000000000000000e+00
6.999999769722901055e-01 -9.999857241155041265e-03
4.508996073536163385e-01 -0.000000000000000000e+00
6.999999422937971394e-01 -9.999644658591932966e-03
4.508996073536163385e-01 -0.000000000000000000e+00
6.999999894705378756e-01 -9.999933816061457037e-03
6.999999894705378756e-01 -9.999933816061457037e-03
4.508996073536163385e-01 -0.000000000000000000e+00
6.999999983644723534e-01 -1.999998947258063708e-02
6.999999983644723534e-01 -1.999998947258063708e-02
4.508996073536163385e-01 -2.000000000000000042e-02
6.999999999999999556e-01 -2.000000000000000042e-02
4.508996073536163385e-01 -2.000000000000000042e-02
4.508996073536163385e-01 -2.000000000000000042e-02
6.999999999999999556e-01 -2.000000000000000042e-02
9.999914466803374591e-01 -1.986016455932258437e-02
6.999999999999999556e-01 -2.000000000000000042e-02
1.000000000000000000e+00 -2.000000000000000042e-02
1.000000000000000000e+00 -2.000000000000000042e-02
4.508996073536163385e-01 -0.000000000000000000e+00
6.999999999387011007e-01 -1.999999962967535794e-02
6.999999999999999556e-01 -2.000000000000000042e-02
4.508996073536163385e-01 -0.000000000000000000e+00
6.999999999999999556e-01 -2.000000000000000042e-02
6.999999999999999556e-01 -2.000000000000000042e-02
4.508996073536163385e-01 -0.000000000000000000e+00
6.999999998979123950e-01 -1.999999934380980449e-02
6.999999998979123950e-01 -1.999999934380980449e-02
4.508996073536163385e-01 -0.000000000000000000e+00
6.999999994573865569e-01 -1.999999642399075128e-02
6.999999999999999556e-01 -2.000000000000000042e-02
4.508996073536163385e-01 -0.000000000000000000e+00
6.999999998979123950e-01 -1.999999934380980449e-02
6.999999998979123950e-01 -1.999999934380980449e-02
4.508996073536163385e-01 -2.999999999999999889e-02
4.508996073536163385e-01 -2.000000000000000042e-02
4.508996073536163385e-01 -2.999999999999999889e-02
4.508996073536163385e-01 -2.999999999999999889e-02
4.508996073536163385e-01 -2.999999999999999889e-02
4.508996073536163385e-01 -2.999999999999999889e-02
4.508996073536163385e-01 -2.500000000000000139e-02
6.999999777123629974e-01 -2.499967322742122772e-02
6.721375710367448741e-01 -2.462448915965130200e-02
4.508996073536163385e-01 -0.000000000000000000e+00
6.999999999999999556e-01 -2.000000000000000042e-02
6.999999999999999556e-01 -2.000000000000000042e-02
4.508996073536163385e-01 -0.000000000000000000e+00
6.999999988031472276e-01 -1.999999246476136250e-02
6.999999988031472276e-01 -1.999999246476136250e-02
4.508996073536163385e-01 -0.000000000000000000e+00
6.999999878651234075e-01 -1.999989681564784405e-02
6.999999878651234075e-01 -1.999989681564784405e-02
4.508996073536163385e-01
6.999999999903930847e-01
6.999999999903930847e-01
4.508996073536163385e-01
6.999999999876361789e-01
6.999999999876361789e-01
4.508996073536163385e-01
4.508996073536163385e-01
4.508996073536163385e-01 -0.000000000000000000e+00
6.999999960563169088e-01 -1.999997481362925100e-02
6.999999960563169088e-01 -1.999997481362925100e-02
4.508996073536163385e-01 -0.000000000000000000e+00
6.999999960563169088e-01 -1.999997481362925100e-02
6.999999960563169088e-01 -1.999997481362925100e-02
4.508996073536163385e-01 -0.000000000000000000e+00
6.999999960563169088e-01 -1.999997481362925100e-02
6.999999960563169088e-01 -1.999997481362925100e-02
4.508996073536163385e-01 -0.000000000000000000e+00
4.508996073536163385e-01 -0.000000000000000000e+00
6.999999960563169088e-01 -1.999997481362925100e-02
6.999999960563169088e-01 -1.999997481362925100e-02
4.508996073536163385e-01 -0.000000000000000000e+00
6.999999960563169088e-01 -1.999997481362925100e-02
6.999999960563169088e-01 -1.999997481362925100e-02
4.508996073536163385e-01 6.653745472550226525e-02 -0.000000000000000000e+00
6.999999991437956259e-01 9.999999965756983800e-02 -1.999999445803268827e-02
6.999999991437956259e-01 9.999999965756983800e-02 -1.999999445803268827e-02
4.508996073536163385e-01 6.653745472550226525e-02 -0.000000000000000000e+00
6.999999991437956259e-01 9.999999965756983800e-02 -1.999999445803268827e-02
6.999999991437956259e-01 9.999999965756983800e-02 -1.999999445803268827e-02
4.508996073536163385e-01 6.653745472550226525e-02 -0.000000000000000000e+00
6.999999991437956259e-01 9.999999965756983800e-02 -1.999999445803268827e-02
6.999999991437956259e-01 9.999999965756983800e-02 -1.999999445803268827e-02
4.508996073536163385e-01 6.653745472550226525e-02 -2.000000000000000042e-02
6.999999999999999556e-01 2.000000000000000111e-01 -2.000000000000000042e-02
4.508996073536163385e-01 6.653745472550226525e-02 -2.000000000000000042e-02
6.999999999999999556e-01 1.499999999999999944e-01 -2.000000000000000042e-02
4.508996073536163385e-01 6.653745472550226525e-02 -2.000000000000000042e-02
6.999999999999999556e-01 1.000000000000000056e-01 -2.000000000000000042e-02
6.999999999999999556e-01 1.000000000000000056e-01 -2.000000000000000042e-02
4.508996073536163385e-01 6.653745472550226525e-02 -0.000000000000000000e+00
6.999999991437956259e-01 9.999999965756983800e-02 -1.999999445803268827e-02
6.999999991437956259e-01 9.999999965756983800e-02 -1.999999445803268827e-02
4.508996073536163385e-01 6.653745472550226525e-02 -0.000000000000000000e+00
6.999999700255553625e-01 9.999998442625851469e-02 -1.999974802424731024e-02
6.999999999999999556e-01 1.000000000000000056e-01 -2.000000000000000042e-02
4.508996073536163385e-01 6.653745472550226525e-02 -0.000000000000000000e+00
6.999999991437956259e-01 9.999999965756983800e-02 -1.999999445803268827e-02
6.999999991437956259e-01 9.999999965756983800e-02 -1.999999445803268827e-02
4.508996073536163385e-01 6.653745472550226525e-02 -0.000000000000000000e+00
6.999999965887976350e-01 9.999999866037995178e-02 -1.999997831069322274e-02
6.999999999999999556e-01 1.000000000000000056e-01 -2.000000000000000042e-02
4.508996073536163385e-01 6.653745472550226525e-02 -0.000000000000000000e+00
6.999999991437956259e-01 9.999999965756983800e-02 -1.999999445803268827e-02
6.999999991437956259e-01 9.999999965756983800e-02 -1.999999445803268827e-02
4.508996073536163385e-01 6.653745472550226525e-02 -0.000000000000000000e+00
-7.310279509808167120e+01 4.000000000000000083e-02 -2.000000000000000042e-02
4.508996073536163385e-01 6.653745472550226525e-02 -0.000000000000000000e+00
6.999999999999999556e-01 1.000000000000000056e-01 -2.000000000000000042e-02
6.999999999999999556e-01 1.000000000000000056e-01 -2.000000000000000042e-02
4.508996073536163385e-01 6.653745472550226525e-02 -0.000000000000000000e+00
6.999999971764591100e-01 4.000000218107074845e-02 -1.999997463911995510e-02
6.999999999999999556e-01 9.734104088527092968e-02 -2.000000000000000042e-02
4.508996073536163385e-01
6.999999999999999556e-01
6.999999999999999556e-01
6.653745472550226525e-02
4.000000001950737571e-02
4.207783515844003286e-02
4.112747722819938556e-02
4.508996073536163385e-01 6.653745472550226525e-02
6.999999999999999556e-01 4.000000000000000083e-02
6.999999999999999556e-01 9.999276291675560091e-02
6.999999999999999556e-01 4.000000000000000083e-02
4.508996073536163385e-01 6.653745472550226525e-02
6.999999999999999556e-01 4.000000000000000083e-02
6.999999999999999556e-01 9.999276291675560091e-02
6.999999999999999556e-01 4.000000000000000083e-02
4.508996073536163385e-01 6.653745472550226525e-02
5.000000000000000000e-01 4.000000000000000083e-02
5.000000000000000000e-01 4.827102123800132427e-02
5.000000000000000000e-01 4.941175872073445829e-02
5.000000000000000000e-01 4.977627339123389533e-02
5.000000000000000000e-01 4.977627339123389533e-02
6.653745472550226525e-02 -0.000000000000000000e+00
4.000000176464296731e-02 -1.999998001997482788e-02
-0.000000000000000000e+00
-1.999997670935727001e-02
-1.999997670935727001e-02
-0.000000000000000000e+00
-2.000000000000000042e-02
-6.697366201871350101e-03
-0.000000000000000000e+00
-2.000000000000000042e-02
-6.634316546452859002e-03
-0.000000000000000000e+00
-1.999998866949681542e-02
-6.626707418547909782e-03
-0.000000000000000000e+00
-1.999998603525909857e-02
-1.999998603525909857e-02
-0.000000000000000000e+00
-2.000000000000000042e-02
-6.627304336647773554e-03
-0.000000000000000000e+00
-9.999994863733263628e-03
-1.000000000000000021e-02
-0.000000000000000000e+00
-9.999982009446739539e-03
-1.000000000000000021e-02
6.653745472550226525e-02 -0.000000000000000000e+00
4.000000395730679559e-02 -9.999955019225126307e-03
9.997020473651029027e-02 -1.000000000000000021e-02
5.461846637598122972e-02 -1.000000000000000021e-02
5.274031354965774687e-02 -1.000000000000000021e-02
4.000000019481081415e-02 -9.999885198803895245e-03
5.234418386225055814e-02 -1.000000000000000021e-02
5.234418386225055814e-02 -1.000000000000000021e-02
4.508996073536163385e-01 6.653745472550226525e-02 -0.000000000000000000e+00
6.999999922599154933e-01 4.000000595175762230e-02 -9.999930784260868677e-03
6.999999999999999556e-01 1.000000000000000056e-01 -1.000000000000000021e-02
6.999999999999999556e-01 1.000000000000000056e-01 -1.000000000000000021e-02
4.508996073536163385e-01 6.653745472550226525e-02 -0.000000000000000000e+00
3.999999999999998002e-02 4.000000000000000083e-02 -1.000000000000000021e-02
4.508996073536163385e-01 6.653745472550226525e-02 -0.000000000000000000e+00
4.000000024562389012e-02 4.000004302133347567e-02 -9.999906695043137006e-03
4.508996073536163385e-01 6.653745472550226525e-02 -0.000000000000000000e+00
6.999999961852733099e-01 4.000001057147201111e-02 -9.999948719723761315e-03
6.999999999999999556e-01 1.000000000000000056e-01 -1.000000000000000021e-02
6.999999647380160672e-01 9.329796225031748713e-02 -9.999523929865266128e-03
6.999999999999999556e-01 7.643531317842346129e-02 -1.000000000000000021e-02
6.999999999999999556e-01 8.202923509070880748e-02 -1.000000000000000021e-02
6.999999999999999556e-01 8.111989775882891274e-02 -1.000000000000000021e-02
6.999999999999999556e-01 4.000000000000000083e-02 -1.000000000000000021e-02
4.508996073536163385e-01 6.653745472550226525e-02 -0.000000000000000000e+00
6.999999999999999556e-01 4.000000000000000083e-02 -1.499999999999999944e-02
6.999999999999999556e-01 6.229393766138073552e-02 -1.499999999999999944e-02
4.508996073536163385e-01 6.653745472550226525e-02 -0.000000000000000000e+00
6.999999999999999556e-01 4.000000000000000083e-02 -1.499999999999999944e-02
6.999920827059440409e-01 9.998435053015783391e-02 -1.487549044817569610e-02
4.508996073536163385e-01 6.653745472550226525e-02 -0.000000000000000000e+00
6.999999959670016869e-01 4.000000312196433372e-02 -1.499996369710743238e-02
6.999999999999999556e-01 1.000000000000000056e-01 -1.499999999999999944e-02
6.999732794413395798e-01 6.602647976184267131e-02 -1.461787667890259573e-02
4.508996073536163385e-01 6.653745472550226525e-02 -0.000000000000000000e+00
6.999999936257917943e-01 4.000000488906280127e-02 -1.499994314258401573e-02
6.999868781270460749e-01 9.997407467346547394e-02 -1.479373326515087683e-02
4.508996073536163385e-01 6.653745472550226525e-02 -0.000000000000000000e+00
6.999999938213260497e-01 4.000000476148485307e-02 -1.499994463046050441e-02
6.999999999999999556e-01 1.000000000000000056e-01 -1.499999999999999944e-02
6.999999999999999556e-01 6.699583395965717780e-02 -1.499999999999999944e-02
6.999999999999999556e-01 8.230456749987435927e-02 -1.499999999999999944e-02
6.999999999999999556e-01 9.815076269676269172e-02 -1.499999999999999944e-02
6.999999999999999556e-01 9.815076269676269172e-02 -1.499999999999999944e-02
4.508996073536163385e-01 6.653745472550226525e-02 -0.000000000000000000e+00
5.999999918742954241e-01 4.000000622996352506e-02 -1.499992755083212614e-02
4.508996073536163385e-01 6.653745472550226525e-02 -0.000000000000000000e+00
9.999999972040679586e-01 4.000000220197491574e-02 -1.499997439771050267e-02
9.999967656048877052e-01 9.998412631388148286e-02 -1.493849667770064116e-02
1.000000000000000000e+00 1.000000000000000056e-01 -1.499999999999999944e-02
4.508996073536163385e-01 6.653745472550226525e-02 -0.000000000000000000e+00
6.999999852885675500e-01 4.000000130247222119e-02 -1.499985252712576766e-02
6.999999999999999556e-01 4.000000000000000083e-02 -1.499999999999999944e-02
4.508996073536163385e-01 6.653745472550226525e-02 -0.000000000000000000e+00
6.999999999999999556e-01 1.000000000000000056e-01 -1.499999999999999944e-02
6.999999999999999556e-01 1.000000000000000056e-01 -1.499999999999999944e-02
4.508996073536163385e-01 6.653745472550226525e-02 -0.000000000000000000e+00
6.999999999999999556e-01 1.000000000000000056e-01 -1.499999999999999944e-02
6.999999999999999556e-01 1.000000000000000056e-01 -1.499999999999999944e-02
4.508996073536163385e-01 6.653745472550226525e-02 -0.000000000000000000e+00
3.999999999999998002e-02 4.000000000000000083e-02 -1.499999999999999944e-02
4.508996073536163385e-01 6.653745472550226525e-02 -0.000000000000000000e+00
6.999999999999999556e-01 4.000000000000000083e-02 -1.499999999999999944e-02
6.999938001805048327e-01 9.998275349065807727e-02 -1.486451113727525752e-02
4.508996073536163385e-01 6.653745472550226525e-02 -0.000000000000000000e+00
6.999999999999999556e-01 4.000000000000000083e-02 -1.499999999999999944e-02
6.999999999999999556e-01 1.000000000000000056e-01 -1.499999999999999944e-02
6.999690816001014060e-01 6.503029820274415507e-02 -1.438868187200569027e-02
6.999683832773364589e-01 9.997975116303488285e-02 -1.437047860657912624e-02
4.508996073536163385e-01 6.653745472550226525e-02 -0.000000000000000000e+00
6.999999999999999556e-01 4.000000000000000083e-02 -1.499999999999999944e-02
5.611440779843445137e-01 4.000000000000000083e-02 1.000000000000000021e-02
4.508996073536163385e-01 6.653745472550226525e-02 -0.000000000000000000e+00
4.509989674125037817e-01 6.650546768223192240e-02 -1.052496310035310129e-03
4.508996073536163385e-01 6.653745472550226525e-02 -0.000000000000000000e+00
4.509989674125245429e-01 6.650546768223725147e-02 -1.052496310119935578e-03
4.509101452673415222e-01 6.649885587810540344e-02 -5.893900258435410319e-05
4.509164761715710457e-01 6.645727892180434970e-02 -6.510579232816924168e-05
4.509444454372111832e-01 6.626459015499200356e-02 -7.689167580584689110e-05
4.510070749940892632e-01 6.582468265808813501e-02 -8.729876142069330441e-05
4.511505940745616505e-01 6.480798393662867696e-02 -9.105991478676574364e-05
4.513336123820014811e-01 6.350499552773740397e-02 -7.322289315161008240e-05
4.514324787422454577e-01 6.279836024211478407e-02 -3.911709453403424482e-05
4.513975925420885549e-01 6.305039428969845539e-02 -2.030605589940259441e-05
4.508996073536163607e+00 6.653745472550226303e+00 -0.000000000000000000e+00
4.508996073536163607e+00 6.653745472550226303e+00 -0.000000000000000000e+00
4.508996073536163607e+00 6.653745472550226303e+00 -0.000000000000000000e+00
4.508996073536163607e+00 6.653745472550226303e+00 -0.000000000000000000e+00
4.509006009542052773e+00 6.653745152679793939e+00 -1.052496310063183618e-05
4.509055690237612879e+00 6.653743553347874595e+00 -6.315058937609572848e-05
4.509304111406109428e+00 6.653735556327224465e+00 -3.262979860657972894e-04
4.510546664834243380e+00 6.653695557858092080e+00 -1.642511719294540307e-03
4.516770664328344509e+00 6.653495209155979140e+00 -8.235491810960598319e-03
4.548173713425009979e+00 6.652484380556543009e+00 -4.150029133006206961e-02
4.712538628612522373e+00 6.647193795510352388e+00 -2.156100538672263700e-01
5.758369568791810167e+00 6.613531341639412808e+00 -1.323448871234489399e+00
5.925130287903925819e+00 6.608166900443820602e+00 -1.500000000000000000e+00
4.508996073536163607e+00 6.653745472550226303e+00 -0.000000000000000000e+00
4.509006009542052773e+00 6.653745152679793939e+00 -1.052496310063183618e-05
4.509055690237605774e+00 6.653743553347874595e+00 -6.315058937552762010e-05
4.509304111406081006e+00 6.653735556327224465e+00 -3.262979860719404874e-04
4.510546664834164332e+00 6.653695557858087639e+00 -1.642511719394032770e-03
4.516770664328140228e+00 6.653495209155948942e+00 -8.235491811657636232e-03
4.548173713423933506e+00 6.652484380556391130e+00 -4.150029133351836041e-02
4.712538628584415967e+00 6.647193795510287551e+00 -2.156100538613381357e-01
5.758369568584003950e+00 6.613531341640150885e+00 -1.323448871160975537e+00
5.925130287747029101e+00 6.608166900442125069e+00 -1.499999999999990008e+00
4.508996073536163607e+00 6.653745472550226303e+00 -0.000000000000000000e+00
4.509006009542052773e+00 6.653745152679793939e+00 -1.052496310063183618e-05
4.509055690237605774e+00 6.653743553347874595e+00 -6.315058937552762010e-05
4.509304111406081006e+00 6.653735556327224465e+00 -3.262979860719404874e-04
4.510546664834164332e+00 6.653695557858087639e+00 -1.642511719394032770e-03
4.516770664328140228e+00 6.653495209155948942e+00 -8.235491811657636232e-03
4.548173713423933506e+00 6.652484380556391130e+00 -4.150029133351836041e-02
4.712538628584415967e+00 6.647193795510287551e+00 -2.156100538613381357e-01
5.453031965389872227e+00 6.623359387930743303e+00 -1.000000000000000000e+00
5.453096531929779722e+00 6.623359100268145561e+00 -1.000000000000000000e+00
5.453419372776019181e+00 6.623357662117639322e+00 -9.999999999999968914e-01
5.455033780764835249e+00 6.623350471451518118e+00 -1.000000000000000000e+00
5.463110916018962371e+00 6.623314500401228599e+00 -1.000000000000000000e+00
5.503624101273631553e+00 6.623134102289506941e+00 -9.999999999999968914e-01
4.508996073536163607e+00 6.653745472550226303e+00 -0.000000000000000000e+00
4.509006009542055438e+00 6.653745152679793051e+00 -1.052496310251268978e-05
4.509055690237628866e+00 6.653743553347871931e+00 -6.315058939331787342e-05
4.509304111406179594e+00 6.653735556327216472e+00 -3.262979861453228683e-04
4.510546664834611086e+00 6.653695557858053000e+00 -1.642511719715752418e-03
4.516770664330376661e+00 6.653495209155779300e+00 -8.235491813271961226e-03
4.548173713436408860e+00 6.652484380555502064e+00 -4.150029134294002525e-02
4.712538628614812986e+00 6.647193795506782799e+00 -2.156100538738334182e-01
5.453031965476142773e+00 6.623359387916254448e+00 -1.000000000000000000e+00
5.453096532016068920e+00 6.623359100253655818e+00 -1.000000000000000000e+00
5.453419372862425618e+00 6.623357662103147803e+00 -1.000000000000000000e+00
5.455033780850433445e+00 6.623350471437024822e+00 -9.999999999999968914e-01
5.463110916108931292e+00 6.623314500386686454e+00 -1.000000000000000000e+00
5.503624101371704214e+00 6.623134102274780943e+00 -1.000000000000000000e+00
5.709393110028718965e+00 6.622217976906378034e+00 -1.000000000000000000e+00
6.820122010715084393e+00 6.617273505973773950e+00 -1.000000000000000000e+00
6.999999999999861444e+00 6.616475425495112361e+00 -9.999999999999747979e-01
6.999999999999861444e+00 6.616475425495112361e+00 -9.999999999999747979e-01
4.508996073536163607e+00 6.653745472550226303e+00 -0.000000000000000000e+00
4.509045753565621872e+00 6.653743873198060932e+00 -5.262481551256344722e-05
4.509294170366169752e+00 6.653735876943354555e+00 -3.157691631425890971e-04
4.510536696752320829e+00 6.653695886642514878e+00 -1.631972669004801623e-03
4.516760534623085022e+00 6.653495600574122371e+00 -8.224926617750202146e-03
4.548162632554156204e+00 6.652485197394867100e+00 -4.148971902489173580e-02
4.712521767325891453e+00 6.647197406814298049e+00 -2.156000556607876595e-01
5.758308089937035135e+00 6.613556177782686341e+00 -1.323445334965724030e+00
6.397401048058463324e+00 6.593013989946729048e+00 -2.000000000000000000e+00
6.398196878230614004e+00 6.593024381001262313e+00 -2.000000000000000000e+00
6.402176364240854234e+00 6.593076381424147314e+00 -1.999999999999948708e+00
6.422082194141045086e+00 6.593336698357507686e+00 -2.000000000000000000e+00
6.521818995573527289e+00 6.594642047836983600e+00 -2.000000000000000000e+00
6.999999999999945821e+00 6.600906998486058441e+00 -2.000000000000000000e+00
6.999999999999862332e+00 6.600938651997985573e+00 -2.000000000000000000e+00
6.999999999999799272e+00 6.601096917086174187e+00 -1.999999999999897193e+00
7.000000000000000000e+00 6.601888180747149448e+00 -2.000000000000000000e+00
7.000000000000000000e+00 6.605842954987451776e+00 -2.000000000000000000e+00
7.000000000000000000e+00 6.625578278784819197e+00 -2.000000000000000000e+00
7.000000000000000000e+00 6.723297961976104631e+00 -2.000000000000000000e+00
4.508996073536163607e+00 6.653745472550226303e+00 -0.000000000000000000e+00
4.509045753565621872e+00 6.653743873198060932e+00 -5.262481551256344722e-05
4.509294170366169752e+00 6.653735876943354555e+00 -3.157691631425890971e-04
4.510536696752320829e+00 6.653695886642514878e+00 -1.631972669004801623e-03
4.516760534623085022e+00 6.653495600574122371e+00 -8.224926617750202146e-03
4.548162632554156204e+00 6.652485197394867100e+00 -4.148971902489173580e-02
4.712521767325891453e+00 6.647197406814298049e+00 -2.156000556607876595e-01
5.758308089937035135e+00 6.613556177782686341e+00 -1.323445334965724030e+00
6.397401048058463324e+00 6.593013989946729048e+00 -2.000000000000000000e+00
6.398196878230614004e+00 6.593024381001262313e+00 -2.000000000000000000e+00
6.402176364240854234e+00 6.593076381424147314e+00 -1.999999999999948708e+00
6.422082194141045086e+00 6.593336698357507686e+00 -2.000000000000000000e+00
6.521818995573527289e+00 6.594642047836983600e+00 -2.000000000000000000e+00
6.999999999999945821e+00 6.600906998486058441e+00 -2.000000000000000000e+00
6.999999999999862332e+00 6.600938651997985573e+00 -2.000000000000000000e+00
6.999999999999799272e+00 6.601096917086174187e+00 -1.999999999999897193e+00
7.000000000000000000e+00 6.601888180747149448e+00 -2.000000000000000000e+00
7.000000000000000000e+00 6.605842954987451776e+00 -2.000000000000000000e+00
7.000000000000000000e+00 6.625578278784819197e+00 -2.000000000000000000e+00
7.000000000000000000e+00 6.723297961976104631e+00 -2.000000000000000000e+00
4.508996073536163607e+00 6.653745472550226303e+00 -0.000000000000000000e+00
4.509045753565621872e+00 6.653743873198060932e+00 -5.262481551256344722e-05
4.509294170366169752e+00 6.653735876943354555e+00 -3.157691631425890971e-04
4.510536696752320829e+00 6.653695886642514878e+00 -1.631972669004801623e-03
4.516760534623085022e+00 6.653495600574122371e+00 -8.224926617750202146e-03
4.548162632554156204e+00 6.652485197394867100e+00 -4.148971902489173580e-02
4.712521767325891453e+00 6.647197406814298049e+00 -2.156000556607876595e-01
5.758308089937035135e+00 6.613556177782686341e+00 -1.323445334965724030e+00
6.397401048058463324e+00 6.593013989946729048e+00 -2.000000000000000000e+00
6.398196878230614004e+00 6.593024381001262313e+00 -2.000000000000000000e+00
6.402176364240854234e+00 6.593076381424147314e+00 -1.999999999999948708e+00
6.422082194141045086e+00 6.593336698357507686e+00 -2.000000000000000000e+00
6.521818995573527289e+00 6.594642047836983600e+00 -2.000000000000000000e+00
6.999999999999945821e+00 6.600906998486058441e+00 -2.000000000000000000e+00
6.999999999999862332e+00 6.600938651997985573e+00 -2.000000000000000000e+00
6.999999999999799272e+00 6.601096917086174187e+00 -1.999999999999897193e+00
7.000000000000000000e+00 6.601888180747149448e+00 -2.000000000000000000e+00
7.000000000000000000e+00 6.605842954987451776e+00 -2.000000000000000000e+00
7.000000000000000000e+00 6.625578278784819197e+00 -2.000000000000000000e+00
7.000000000000000000e+00 6.723297961976104631e+00 -2.000000000000000000e+00
4.508996073536163607e+00 6.653745472550226303e+00 -0.000000000000000000e+00
4.509045753565621872e+00 6.653743873198060932e+00 -5.262481551256344722e-05
4.509294170366169752e+00 6.653735876943354555e+00 -3.157691631425890971e-04
4.510536696752320829e+00 6.653695886642514878e+00 -1.631972669004801623e-03
4.516760534623085022e+00 6.653495600574122371e+00 -8.224926617750202146e-03
4.548162632554156204e+00 6.652485197394867100e+00 -4.148971902489173580e-02
4.712521767325891453e+00 6.647197406814298049e+00 -2.156000556607876595e-01
5.758308089937035135e+00 6.613556177782686341e+00 -1.323445334965724030e+00
6.397401048058463324e+00 6.593013989946729048e+00 -2.000000000000000000e+00
6.398196878230614004e+00 6.593024381001262313e+00 -2.000000000000000000e+00
6.402176364240854234e+00 6.593076381424147314e+00 -1.999999999999948708e+00
6.422082194141045086e+00 6.593336698357507686e+00 -2.000000000000000000e+00
6.521818995573527289e+00 6.594642047836983600e+00 -2.000000000000000000e+00
6.999999999999945821e+00 6.600906998486058441e+00 -2.000000000000000000e+00
6.999999999999862332e+00 6.600938651997985573e+00 -2.000000000000000000e+00
6.999999999999799272e+00 6.601096917086174187e+00 -1.999999999999897193e+00
7.000000000000000000e+00 6.601888180747149448e+00 -2.000000000000000000e+00
7.000000000000000000e+00 6.605842954987451776e+00 -2.000000000000000000e+00
7.000000000000000000e+00 6.625578278784819197e+00 -2.000000000000000000e+00
7.000000000000000000e+00 6.723297961976104631e+00 -2.000000000000000000e+00
7.000000000000000000e+00 7.188795784462928218e+00 -2.000000000000000000e+00
7.000000000000000000e+00 8.673702316636166643e+00 -2.000000000000000000e+00
7.000000000000000000e+00 9.541418004723583479e+00 -2.000000000000000000e+00
7.000000000000000000e+00 9.999999999999866773e+00 -2.000000000000000000e+00
7.000000000000000000e+00 9.999999999999866773e+00 -2.000000000000000000e+00
4.508996073536163607e+00 6.653745472550226303e+00 -0.000000000000000000e+00
4.508996073536163607e+00 6.653745472550226303e+00 -0.000000000000000000e+00
4.508996073536163607e+00 6.653745472550226303e+00 -0.000000000000000000e+00
4.508959701398864262e+00 6.653702083611335638e+00 -8.318027376588352489e-05
4.508777864050702355e+00 6.653485144993802614e+00 -4.990867711539179966e-04
4.507868843255053548e+00 6.652400541041774140e+00 -2.578532278986358887e-03
4.503325797412569109e+00 6.646979432505731644e+00 -1.297251537803464222e-02
4.480651269892857336e+00 6.619919731749140723e+00 -6.485664338239532922e-02
4.368206004076476745e+00 6.485714220469332325e+00 -3.221922871107190112e-01
3.823882066915472056e+00 5.835982144096313995e+00 -1.568095232593166743e+00
4.508996073536163607e+00 6.653745472550226303e+00 -0.000000000000000000e+00
4.508959701398864262e+00 6.653702083611335638e+00 -8.318027376588352489e-05
4.508777864050702355e+00 6.653485144993802614e+00 -4.990867711539179966e-04
4.507868843255053548e+00 6.652400541041774140e+00 -2.578532278986358887e-03
4.503325797412569109e+00 6.646979432505731644e+00 -1.297251537803464222e-02
4.480651269892857336e+00 6.619919731749140723e+00 -6.485664338239532922e-02
4.368206004076476745e+00 6.485714220469332325e+00 -3.221922871107190112e-01
3.823882066915472056e+00 5.835982144096313995e+00 -1.568095232593166743e+00
3.635307568544232204e+00 5.610750887971962975e+00 -2.000000000000000000e+00
3.635330583302662344e+00 5.610751904739913698e+00 -1.999999999999996669e+00
3.635336025974756691e+00 5.610752179467080936e+00 -1.999999999999960698e+00
3.635337134456339214e+00 5.610752271826389581e+00 -2.000000000000000000e+00
3.635337348944637004e+00 5.610752323248973994e+00 -2.000000000000000000e+00
3.635337397122310854e+00 5.610752363905796791e+00 -2.000000000000000000e+00
3.635337497929497896e+00 5.610752501371922385e+00 -1.999999811023728702e+00
4.508996073536163607e+00 6.653745472550226303e+00 -0.000000000000000000e+00
4.508959701398864262e+00 6.653702083611335638e+00 -8.318027376588352489e-05
4.508777864050702355e+00 6.653485144993802614e+00 -4.990867711539179966e-04
4.507868843255053548e+00 6.652400541041774140e+00 -2.578532278986358887e-03
4.503325797412569109e+00 6.646979432505731644e+00 -1.297251537803464222e-02
4.480651269892857336e+00 6.619919731749140723e+00 -6.485664338239532922e-02
4.368206004076476745e+00 6.485714220469332325e+00 -3.221922871107190112e-01
3.823882066915472056e+00 5.835982144096313995e+00 -1.568095232593166743e+00
3.635307568544232204e+00 5.610750887971962975e+00 -2.000000000000000000e+00
3.635350001022397137e+00 5.610752830074336117e+00 -1.999999999999999112e+00
4.508996073536163607e+00 6.653745472550226303e+00 -0.000000000000000000e+00
4.508959701398864262e+00 6.653702083611335638e+00 -8.318027376588352489e-05
4.508777864050702355e+00 6.653485144993802614e+00 -4.990867711539179966e-04
4.507868843255053548e+00 6.652400541041774140e+00 -2.578532278986358887e-03
4.503325797412569109e+00 6.646979432505731644e+00 -1.297251537803464222e-02
4.480651269892857336e+00 6.619919731749140723e+00 -6.485664338239532922e-02
4.368206004076476745e+00 6.485714220469332325e+00 -3.221922871107190112e-01
3.823882066915472056e+00 5.835982144096313995e+00 -1.568095232593166743e+00
4.508996073536163607e+00 6.653745472550226303e+00 -0.000000000000000000e+00
4.508959701398864262e+00 6.653702083611335638e+00 -8.318027376588352489e-05
4.508777864050702355e+00 6.653485144993802614e+00 -4.990867711539179966e-04
4.507868843255053548e+00 6.652400541041774140e+00 -2.578532278986358887e-03
4.503325797412569109e+00 6.646979432505731644e+00 -1.297251537803464222e-02
4.480651269892857336e+00 6.619919731749140723e+00 -6.485664338239532922e-02
4.368206004076476745e+00 6.485714220469332325e+00 -3.221922871107190112e-01
3.823882066915472056e+00 5.835982144096313995e+00 -1.568095232593166743e+00
4.508996073536163607e+00 6.653745472550226303e+00 -0.000000000000000000e+00
4.508959701398864262e+00 6.653702083611335638e+00 -8.318027376588352489e-05
4.508777864050702355e+00 6.653485144993802614e+00 -4.990867711539179966e-04
4.507868843255053548e+00 6.652400541041774140e+00 -2.578532278986358887e-03
4.503325797412569109e+00 6.646979432505731644e+00 -1.297251537803464222e-02
4.480651269892857336e+00 6.619919731749140723e+00 -6.485664338239532922e-02
4.368206004076476745e+00 6.485714220469332325e+00 -3.221922871107190112e-01
3.823882066915472056e+00 5.835982144096313995e+00 -1.568095232593166743e+00
4.508996073536163607e+00 6.653745472550226303e+00 -0.000000000000000000e+00
4.508959701398864262e+00 6.653702083611335638e+00 -8.318027376588352489e-05
4.508777864050702355e+00 6.653485144993802614e+00 -4.990867711539179966e-04
4.507868843255053548e+00 6.652400541041774140e+00 -2.578532278986358887e-03
4.503325797412569109e+00 6.646979432505731644e+00 -1.297251537803464222e-02
4.480651269892857336e+00 6.619919731749140723e+00 -6.485664338239532922e-02
4.368206004076476745e+00 6.485714220469332325e+00 -3.221922871107190112e-01
3.823882066915472056e+00 5.835982144096313995e+00 -1.568095232593166743e+00
4.508996073536163607e+00 6.653745472550226303e+00 -0.000000000000000000e+00
4.508959701398864262e+00 6.653702083611335638e+00 -8.318027376588352489e-05
4.508777864050702355e+00 6.653485144993802614e+00 -4.990867711539179966e-04
4.507868843255053548e+00 6.652400541041774140e+00 -2.578532278986358887e-03
4.503325797412569109e+00 6.646979432505731644e+00 -1.297251537803464222e-02
4.480651269892857336e+00 6.619919731749140723e+00 -6.485664338239532922e-02
4.368206004076476745e+00 6.485714220469332325e+00 -3.221922871107190112e-01
3.853630627863277258e+00 5.871490543616430635e+00 -1.499999999999999778e+00
3.853711626642808863e+00 5.871476696247924565e+00 -1.499999999999999778e+00
3.854116649369176084e+00 5.871407460373006870e+00 -1.499999999999999778e+00
3.856142447094729420e+00 5.871061193542145062e+00 -1.499999999999998224e+00
3.866288366369111440e+00 5.869327112992014150e+00 -1.499999999999998224e+00
3.917441787619861948e+00 5.860585013119886000e+00 -1.499999999999998224e+00
4.183984519417082382e+00 5.815036737717915294e+00 -1.500000000000000000e+00
5.809202919833093226e+00 5.537331260987163439e+00 -1.499999999999996891e+00
6.999999999999114486e+00 5.333819342697381671e+00 -1.499999999999919842e+00
6.999999999543517148e+00 5.333772538148952691e+00 -1.499999999992118971e+00
6.999999999955121233e+00 5.333538526061419205e+00 -1.499999999999201306e+00
6.999999999990194510e+00 5.332368744525701310e+00 -1.499999999999919842e+00
6.999999999842605902e+00 5.326526800102255876e+00 -1.499999999997353672e+00
7.000000000000000000e+00 5.297491128707241259e+00 -1.500000000000000000e+00
6.999999999953071317e+00 5.156660337618641954e+00 -1.499999999999178879e+00
7.000000000000000000e+00 4.560668777778475125e+00 -1.500000000000000000e+00
6.999999999911147519e+00 4.470312314397603792e+00 -1.499999999998460343e+00
6.999999999916643567e+00 4.480709398078042582e+00 -1.499999999998562927e+00
6.999999999916643567e+00 4.480709398078042582e+00 -1.499999999998562927e+00
4.508996073536163607e+00 6.653745472550226303e+00 -0.000000000000000000e+00
4.509010227995328357e+00 6.653721768391574365e+00 -5.653689045214731554e-05
4.509081013850581243e+00 6.653603247953387978e+00 -3.392353895527063499e-04
4.509435080883884339e+00 6.653010530423262736e+00 -1.753077484801399567e-03
4.511207856801091154e+00 6.650043433807820037e+00 -8.831030965574880598e-03
4.520128077474484307e+00 6.635116547382748031e+00 -4.444071406379223460e-02
4.566156947987346726e+00 6.558107665520925167e+00 -2.281632699748928628e-01
4.838265080488985959e+00 6.102936673698469150e+00 -1.314135015268354634e+00
4.884987495176147831e+00 6.025000522502446110e+00 -1.499999999999998668e+00
4.885151732979776007e+00 6.024967392538884248e+00 -1.500000000000000000e+00
4.885972982616488380e+00 6.024801736419302500e+00 -1.500000000000000000e+00
4.890080734681339081e+00 6.023973182114841229e+00 -1.500000000000000000e+00
4.910657047263305763e+00 6.019822984590583737e+00 -1.500000000000000000e+00
5.014478760916583511e+00 5.998883119423842558e+00 -1.499999999999983347e+00
5.557277217570895544e+00 5.889409674513820470e+00 -1.499999999999950040e+00
6.999999999999628741e+00 5.598435460470059688e+00 -1.499999999999950040e+00
6.999999999999628741e+00 5.598435460470059688e+00 -1.499999999999950040e+00
4.508996073536163607e+00 6.653745472550226303e+00 -0.000000000000000000e+00
4.508996073536163607e+00 6.653745472550226303e+00 -0.000000000000000000e+00
4.508996073536163607e+00 6.653745472550226303e+00 -0.000000000000000000e+00
4.508800259616046802e+00 6.653613254048345915e+00 -6.115051158086124631e-05
4.507821272640520682e+00 6.652952231675652861e+00 -3.668732819834079600e-04
4.502928543546273588e+00 6.649648680887278118e+00 -1.894778379439791176e-03
4.478520671695445543e+00 6.633168942965260939e+00 -9.516787290204737487e-03
4.357869846157091942e+00 6.551709538813121014e+00 -4.719272911633448642e-02
3.788206309012762674e+00 6.167100238562305492e+00 -2.250805836410005312e-01
2.080011068351589110e+00 5.013836313325173322e+00 -7.584870994190087146e-01
4.508996073536163607e+00 6.653745472550226303e+00 -0.000000000000000000e+00
4.508800259616046802e+00 6.653613254048345915e+00 -6.115051158086124631e-05
4.507821272640520682e+00 6.652952231675652861e+00 -3.668732819834079600e-04
4.502928543546273588e+00 6.649648680887278118e+00 -1.894778379439791176e-03
4.478520671695445543e+00 6.633168942965260939e+00 -9.516787290204737487e-03
4.357869846157091942e+00 6.551709538813121014e+00 -4.719272911633448642e-02
3.788206309012762674e+00 6.167100238562305492e+00 -2.250805836410005312e-01
3.000000000000000000e+00 5.634881138379888910e+00 -4.712427088704746470e-01
3.000000000000000444e+00 5.634803089653575014e+00 -4.712802259973446484e-01
3.000000000000000000e+00 5.634412851345965478e+00 -4.714678114286319222e-01
3.000000000000000000e+00 5.632461774187733639e+00 -4.724056953850638840e-01
3.000000000000000000e+00 5.622709153740387933e+00 -4.770938448029125589e-01
3.000000000000000444e+00 5.574014646875765422e+00 -5.005019130605143918e-01
3.000000000000000444e+00 5.332245879902246521e+00 -6.167247272036776584e-01
3.000000000000000000e+00 4.164860380505194470e+00 -1.177916954600874089e+00
3.000000000000000444e+00 4.000000000000000000e+00 -1.257207728413035852e+00
3.000000000000000000e+00 4.000000000000004441e+00 -1.257247136810990096e+00
3.000000000000000000e+00 4.000000000000000000e+00 -1.257444184306065749e+00
3.000000000000000444e+00 4.000000000000000000e+00 -1.258429559447612922e+00
3.000000000000000000e+00 4.000000000000007994e+00 -1.263359881061194345e+00
3.000000000000000000e+00 4.000000000000000000e+00 -1.288098170826080580e+00
3.000000000000000000e+00 4.000000000000003553e+00 -1.414025101736857470e+00
3.000000000000000444e+00 4.000000000000000000e+00 -1.500000000000000000e+00
3.000000000000000444e+00 4.000000000000000000e+00 -1.500000000000000000e+00
4.508996073536163607e+00 6.653745472550226303e+00 -0.000000000000000000e+00
4.508912976921435778e+00 6.653680124283098074e+00 -4.288269693931256305e-05
4.508497512811930896e+00 6.653353398270092534e+00 -2.572887542460834979e-04
4.506420656800587565e+00 6.651720135566296044e+00 -1.329091104136030654e-03
4.496047935165058185e+00 6.643562921926403853e+00 -6.682196812607740267e-03
4.444472122504762979e+00 6.603003229764992099e+00 -3.329949421492001127e-02
4.193672127988265608e+00 6.405772059476645630e+00 -1.627340356688748713e-01
3.103053872323914497e+00 5.548101986360545190e+00 -7.255938607667438145e-01
3.000000000000000000e+00 5.467014440491062999e+00 -7.788133412340519923e-01
3.000000000000000000e+00 5.466967879630361793e+00 -7.788481499488744131e-01
3.000000000000000444e+00 5.466735076562168949e+00 -7.790221953222711271e-01
3.000000000000000444e+00 5.465571064100557486e+00 -7.798924336523583856e-01
3.000000000000000000e+00 5.459750932915591548e+00 -7.842437449154644469e-01
3.000000000000000000e+00 5.430647747476153420e+00 -8.060025339638373643e-01
3.000000000000000444e+00 5.285051495595396887e+00 -9.148582664496321959e-01
3.000000000000000000e+00 4.553213500265465008e+00 -1.462029775298374856e+00
3.000000000000000000e+00 4.502378189791079066e+00 -1.500000000000000000e+00
3.000000000000000000e+00 4.502328669060704058e+00 -1.500000000000000000e+00
3.000000000000004441e+00 4.502081068763668092e+00 -1.500000000000000000e+00
3.000000000000001332e+00 4.500843151150922594e+00 -1.500000000000000000e+00
3.000000000000000000e+00 4.494655659855932406e+00 -1.500000000000000000e+00
3.000000000000000000e+00 4.463770618065059814e+00 -1.499999999999979350e+00
3.001478829679928406e+00 4.310643071150622063e+00 -1.499999999999958700e+00
3.017132037956237411e+00 4.000000000000000000e+00 -1.499999999999999778e+00
3.030711009704770920e+00 4.000000000000000000e+00 -1.500000000000000000e+00
3.101232261291441361e+00 4.000000000000000000e+00 -1.500000000000000000e+00
3.524024329772843078e+00 4.000000000000009770e+00 -1.499999999999979350e+00
6.999999999998184563e+00 4.000000000000041744e+00 -1.499999999999897193e+00
6.999999999998184563e+00 4.000000000000041744e+00 -1.499999999999897193e+00
4.508996073536163607e+00 6.653745472550226303e+00 -0.000000000000000000e+00
4.508991203510188228e+00 6.653732784757879770e+00 -1.475240369142009227e-05
4.508966854419377945e+00 6.653669346090934411e+00 -8.851474070201729917e-05
4.508845115153364169e+00 6.653352156816242591e+00 -4.573250116196236827e-04
4.508236474566626129e+00 6.651766295363971793e+00 -2.301294159815450539e-03
4.505194169177600294e+00 6.643839025054893987e+00 -1.151885414977217234e-02
4.490002454786926833e+00 6.604252788459572976e+00 -5.754879699877019084e-02
4.414507852557995271e+00 6.407523011289001147e+00 -2.863036502146881768e-01
4.046041675651827596e+00 5.447305606477562456e+00 -1.402843473094203652e+00
4.014001766976972085e+00 5.363745779335643782e+00 -1.500000000000000000e+00
4.014025155005723100e+00 5.363740177879247284e+00 -1.499999999999992895e+00
4.014142098403196357e+00 5.363712171046115529e+00 -1.499999999999985789e+00
4.014726889742656901e+00 5.363572125214770558e+00 -1.500000000000000000e+00
4.017652670835383688e+00 5.362871489866567920e+00 -1.500000000000000000e+00
4.032327081293311188e+00 5.359357569889397155e+00 -1.499999999999992895e+00
4.106844632346903445e+00 5.341514445371753794e+00 -1.500000000000000000e+00
4.509180901991475920e+00 5.245179620455415304e+00 -1.499999999999985567e+00
7.000000000000000000e+00 4.648800468685157838e+00 -1.500000000000000000e+00
6.999999999987744026e+00 4.648803455881186153e+00 -1.499999999999538369e+00
6.999999999962393638e+00 4.648818391425669994e+00 -1.499999999997230438e+00
6.999999999971642239e+00 4.648893058427565173e+00 -1.499999999998153477e+00
7.000000000000000000e+00 4.649266126566198309e+00 -1.500000000000000000e+00
6.999999999994162891e+00 4.651124801177859425e+00 -1.499999999999538369e+00
7.000000000000000000e+00 4.660252184922869745e+00 -1.500000000000000000e+00
6.999999999986601829e+00 4.701822012990101385e+00 -1.499999999999076961e+00
6.999999999986440180e+00 4.754442951443150100e+00 -1.499999999998615330e+00
7.000000000000000000e+00 4.755379770483219914e+00 -1.500000000000000000e+00
7.000000000000000000e+00 4.755379770483219914e+00 -1.500000000000000000e+00
4.508996073536163607e+00 6.653745472550226303e+00 -0.000000000000000000e+00
4.508998904427996557e+00 6.653740731718495560e+00 -1.130737809042946209e-05
4.509013059429507919e+00 6.653717027574066911e+00 -6.784483034752626131e-05
4.509083839945478900e+00 6.653598502239954193e+00 -3.505460706098229213e-04
4.509437840006498277e+00 6.653005735397585774e+00 -1.764401500868329961e-03
4.511210078888325370e+00 6.650038268135115338e+00 -8.842418700639346346e-03
4.520126576519921002e+00 6.635108910292243145e+00 -4.445236979642759600e-02
4.566130763837799478e+00 6.558084645539056012e+00 -2.281748781081149868e-01
4.838053474169603518e+00 6.102823922542452095e+00 -1.314098912241957295e+00
4.884634530970145327e+00 6.024880456731859901e+00 -1.499999999999998446e+00
4.884670809182479978e+00 6.024872979401375339e+00 -1.499999999999963141e+00
4.884852203198896348e+00 6.024835592403497309e+00 -1.499999999999927836e+00
4.885759246632182418e+00 6.024648643613708998e+00 -1.499999999999980904e+00
4.890296295162406714e+00 6.023713528799308214e+00 -1.499999999999945599e+00
4.913027326714337839e+00 6.019028550368503261e+00 -1.499999999999980904e+00
5.027829327398677606e+00 5.995367454920133454e+00 -1.500000000000000000e+00
5.630758295724751505e+00 5.871102551919323176e+00 -1.499999999999964695e+00
6.999999999999941380e+00 5.588898485435865204e+00 -1.500000000000000000e+00
7.000000000000000000e+00 5.588896949005301984e+00 -1.500000000000000000e+00
7.000000000000000000e+00 5.588889266920287646e+00 -1.500000000000000000e+00
7.000000000000000000e+00 5.588850857718120402e+00 -1.500000000000000000e+00
7.000000000000000000e+00 5.588658842127130377e+00 -1.500000000000000000e+00
7.000000000000000000e+00 5.587699524196886536e+00 -1.500000000000000000e+00
6.999999999975072384e+00 5.582921922660439407e+00 -1.499999999998586242e+00
6.999999999982219556e+00 5.559507173847430650e+00 -1.499999999999434452e+00
6.999999999996485478e+00 5.454083310720084121e+00 -1.500000000000000000e+00
7.000000000000000000e+00 5.352039513584220032e+00 -1.500000000000000000e+00
7.000000000000000000e+00 5.355517400672925810e+00 -1.500000000000000000e+00
7.000000000000000000e+00 5.355517400672925810e+00 -1.500000000000000000e+00
4.508996073536163607e+00 6.653745472550226303e+00 -0.000000000000000000e+00
4.508989887043565403e+00 6.653735382099715601e+00 -1.276880326175336075e-05
4.508958955274508185e+00 6.653684930089143634e+00 -7.661303652345423018e-05
4.508804301516925683e+00 6.653432673885435911e+00 -3.958319477183394868e-04
4.508031098607975906e+00 6.652171478074333066e+00 -1.991831757644691673e-03
4.504166423268760155e+00 6.645867572177420080e+00 -9.969272723775018594e-03
4.484874845498197260e+00 6.614399355039104478e+00 -4.979187080397929482e-02
4.389185800387712000e+00 6.458309602775217151e+00 -2.473229712652189605e-01
3.927537323020674265e+00 5.705245690184969298e+00 -1.200331754675261653e+00
3.782387962289986749e+00 5.468446130084779533e+00 -1.499999999999999556e+00
3.782403573123680030e+00 5.468443276700854838e+00 -1.500000000000000000e+00
3.782481628394980699e+00 5.468429009891080383e+00 -1.500000000000000000e+00
3.782871930224081414e+00 5.468357672743578313e+00 -1.500000000000000000e+00
3.784824065772754320e+00 5.468000880302898992e+00 -1.500000000000000000e+00
3.794600361745751549e+00 5.466214102517857221e+00 -1.499999999999996447e+00
3.843873359847270077e+00 5.457208852853308478e+00 -1.499999999999992895e+00
4.100190865261840401e+00 5.410364657041171199e+00 -1.500000000000000000e+00
5.651402875852504337e+00 5.126873013908183729e+00 -1.499999999999985789e+00
6.999999999998345324e+00 4.880400948503720748e+00 -1.499999999999871880e+00
6.999999999774461301e+00 4.880389530100565310e+00 -1.499999999995774713e+00
7.000000000000000000e+00 4.880332438659704231e+00 -1.500000000000000000e+00
6.999999999769417336e+00 4.880047004790994514e+00 -1.499999999995447642e+00
7.000000000000000000e+00 4.878620403430057095e+00 -1.500000000000000000e+00
6.999999999910714976e+00 4.871501601606074594e+00 -1.499999999998179012e+00
6.999999999878729007e+00 4.836262473606563361e+00 -1.499999999997723821e+00
7.000000000000000000e+00 4.668908732578133325e+00 -1.500000000000000000e+00
6.999999999803072193e+00 4.190660008248005219e+00 -1.499999999996813216e+00
6.999999999747454460e+00 4.241991435214067074e+00 -1.499999999994992228e+00
6.999999999983918642e+00 4.238121268291897614e+00 -1.499999999999544587e+00
6.999999999983918642e+00 4.238121268291897614e+00 -1.499999999999544587e+00
4.508996073536163607e+00 6.653745472550226303e+00 -0.000000000000000000e+00
4.508971852274703096e+00 6.653724682862155682e+00 -1.569165360440114452e-05
4.508850747907301226e+00 6.653620735882505244e+00 -9.414926345261760048e-05
4.508245269342480377e+00 6.653101037104118376e+00 -4.864122715395047258e-04
4.505218931996588516e+00 6.650503444049566504e+00 -2.447058474954673466e-03
4.490113475786593256e+00 6.637537967664027150e+00 -1.223337048673701910e-02
4.415238093165440247e+00 6.573270002878282448e+00 -6.074295937753263624e-02
4.056760676765228446e+00 6.265576604521108095e+00 -2.929918910452426473e-01
3.000000000000000000e+00 5.358511451142551785e+00 -9.776550073439251864e-01
3.000000000000000444e+00 5.358494067363728242e+00 -9.776710611102435999e-01
3.000000000000000444e+00 5.358407148469560788e+00 -9.777513305507504748e-01
3.000000000000000000e+00 5.357972547186079737e+00 -9.781526870894123871e-01
3.000000000000000000e+00 5.355799336282341727e+00 -9.801596738546918264e-01
3.000000000000000000e+00 5.344927983337291799e+00 -9.901995770947803477e-01
3.000000000000000000e+00 5.290435891974105687e+00 -1.040524454153856082e+00
3.000000000000000000e+00 5.014325664342894839e+00 -1.295521492998366053e+00
3.000000000000000000e+00 4.792906229537329921e+00 -1.499999999999999112e+00
3.012621251883679907e+00 4.794869941039612726e+00 -1.499999999999999112e+00
3.081894554446945822e+00 4.805654110986704808e+00 -1.500000000000000000e+00
3.601962933905489272e+00 4.886647692309805002e+00 -1.499999999999996669e+00
6.999999999998204103e+00 5.415895624107425199e+00 -1.499999999999996669e+00
7.000000000000000000e+00 5.415826200757443587e+00 -1.500000000000000000e+00
6.999999999134261408e+00 5.415479081384559024e+00 -1.499999999996486810e+00
7.000000000000000000e+00 5.413743708463623960e+00 -1.500000000000000000e+00
7.000000000000000000e+00 5.405072283068077077e+00 -1.500000000000000000e+00
7.000000000000000000e+00 5.361851712410615534e+00 -1.500000000000000000e+00
6.999999976288557413e+00 5.149167195611155989e+00 -1.499999999898993019e+00
6.999999956184452365e+00 4.171779653269222621e+00 -1.499999999816430840e+00
7.000000000000000000e+00 4.000000000000000000e+00 -1.500000000000000000e+00
7.000000000000000000e+00 4.000000000000000000e+00 -1.500000000000000000e+00
4.508996073536163607e+00 6.653745472550226303e+00 -0.000000000000000000e+00
4.508995821385383351e+00 6.653736123473632524e+00 -2.475909228770311222e-05
4.508994562351474222e+00 6.653689378272730437e+00 -1.485567401865708816e-04
4.508988275408576385e+00 6.653455639296772972e+00 -7.675926769573926953e-04
4.508956872500850643e+00 6.652286532297685184e+00 -3.863930568393620160e-03
4.508799783429769725e+00 6.646430228299731624e+00 -1.937447570884898856e-02
4.508008043487802929e+00 6.616873768236042785e+00 -9.765707354305355747e-02
4.503858032214020035e+00 6.461741440014336924e+00 -5.085460358246126633e-01
4.493861719494105955e+00 6.087416741635653494e+00 -1.500000000000000000e+00
4.493902310411330703e+00 6.087409832317660197e+00 -1.500000000000000000e+00
4.494105267072457721e+00 6.087375285331789954e+00 -1.500000000000000000e+00
4.495120102380893989e+00 6.087202541337171979e+00 -1.500000000000000000e+00
4.500195579354998365e+00 6.086338598938236366e+00 -1.499999999999975575e+00
4.525605442532615541e+00 6.082013353154704483e+00 -1.499999999999975575e+00
4.653462217998785455e+00 6.060249651674501692e+00 -1.500000000000000000e+00
5.312326130925631773e+00 5.948098088502922209e+00 -1.500000000000000000e+00
7.000000000000000000e+00 5.660817569354239964e+00 -1.500000000000000000e+00
6.999999999999151790e+00 5.660807492969025745e+00 -1.500000000000000000e+00
7.000000000000000000e+00 5.660757111549675535e+00 -1.500000000000000000e+00
7.000000000000000000e+00 5.660505217149665924e+00 -1.500000000000000000e+00
7.000000000000000000e+00 5.659246062521670950e+00 -1.500000000000000000e+00
7.000000000000000000e+00 5.652958223296647766e+00 -1.500000000000000000e+00
6.999999999999196199e+00 5.621717330200256768e+00 -1.500000000000000000e+00
6.999999999999586109e+00 5.470464720133210612e+00 -1.500000000000000000e+00
6.999999999998932410e+00 4.837202820064517184e+00 -1.499999999999935163e+00
6.999999999999944045e+00 4.781950052614136304e+00 -1.500000000000000000e+00
7.000000000000000000e+00 4.787964326092067679e+00 -1.500000000000000000e+00
7.000000000000000000e+00 4.787964326092067679e+00 -1.500000000000000000e+00
4.508996073536163607e+00 6.653745472550226303e+00 -0.000000000000000000e+00
4.508998638173953744e+00 6.653737767684239302e+00 -5.135101836257785311e-05
4.509011465420328157e+00 6.653699243763997018e+00 -3.081167339486756414e-04
4.509075632438629633e+00 6.653506594689858389e+00 -1.592208536996080103e-03
4.509396884353706447e+00 6.652542412930873894e+00 -8.019243202383945224e-03
4.511011844991917208e+00 6.647696969078999096e+00 -4.031963984383052368e-02
4.519301105719311984e+00 6.622834322990978073e+00 -2.060660242921471541e-01
4.566874749880715179e+00 6.480186335541991305e+00 -1.157073792882223895e+00
4.584065319270323791e+00 6.428745380210318494e+00 -1.500000000000000000e+00
4.584116733203626559e+00 6.428741410886575913e+00 -1.499999999999982903e+00
4.584373801680546201e+00 6.428721563829165042e+00 -1.499999999999965805e+00
4.585659115052972190e+00 6.428622328129452335e+00 -1.499999999999965805e+00
4.592084959011466516e+00 6.428126192177240128e+00 -1.499999999999982903e+00
4.624195976731056312e+00 6.425646851344487764e+00 -1.499999999999965805e+00
4.784277663832829042e+00 6.413286364294945585e+00 -1.500000000000000000e+00
5.570567871665496718e+00 6.352572304945267589e+00 -1.500000000000000000e+00
6.999999999999944045e+00 6.242189857342361314e+00 -1.499999999999965583e+00
7.000000000000000000e+00 6.242180934976586215e+00 -1.500000000000000000e+00
7.000000000000000000e+00 6.242136323560176336e+00 -1.500000000000000000e+00
7.000000000000000000e+00 6.241913276788944032e+00 -1.500000000000000000e+00
7.000000000000000000e+00 6.240798300700873824e+00 -1.500000000000000000e+00
7.000000000000000000e+00 6.235229864104848474e+00 -1.499999999999982903e+00
6.999999999999984013e+00 6.207548733345909397e+00 -1.499999999999982903e+00
7.000000000000000000e+00 6.073163806899490424e+00 -1.500000000000000000e+00
7.000000000000000000e+00 5.501002418142226347e+00 -1.500000000000000000e+00
6.999999999999990230e+00 5.378747478925665959e+00 -1.500000000000000000e+00
6.999999999999980460e+00 5.391376156181085122e+00 -1.499999999999965583e+00
6.999999999999980460e+00 5.391376156181085122e+00 -1.499999999999965583e+00
4.508996073536163607e+00 6.653745472550226303e+00 -0.000000000000000000e+00
4.509023022623412480e+00 6.653811274926405339e+00 -1.240188471149887691e-03
4.509158239849790917e+00 6.654140354250373868e+00 -7.445525905066729608e-03
4.509838614531408219e+00 6.655790766755119492e+00 -3.858248972582971337e-02
4.513311399647279565e+00 6.664187474587166982e+00 -1.970764105314034564e-01
4.532420240483229890e+00 6.710245012651857799e+00 -1.066893205378844467e+00
4.542071442133070569e+00 6.733239140360567809e+00 -1.500000000000000000e+00
4.542226435908323978e+00 6.733320647575149032e+00 -1.499999999999986233e+00
4.543001333941802500e+00 6.733728175488646883e+00 -1.499999999999986233e+00
4.546874291621922026e+00 6.735765154647693542e+00 -1.500000000000000000e+00
4.566201906501523133e+00 6.745931228640532851e+00 -1.500000000000000000e+00
4.661909600333909331e+00 6.796275924809105362e+00 -1.500000000000000000e+00
5.116399370808569991e+00 7.035368752084554700e+00 -1.500000000000000000e+00
6.204879862942109803e+00 7.608065237880030196e+00 -1.499999999999993117e+00
6.018527862864599953e+00 7.510099427898747848e+00 -1.500000000000000000e+00
6.023817243910581709e+00 7.512962317408582003e+00 -1.499999999999993117e+00
6.030449458852875644e+00 7.516738184824157898e+00 -1.500000000000000000e+00
6.042338530452877166e+00 7.524029422830392555e+00 -1.500000000000000000e+00
6.060680726503496096e+00 7.536618036958937950e+00 -1.499999999999979128e+00
6.090351889669846308e+00 7.560543088700656611e+00 -1.499999999999986011e+00
6.136601401365622266e+00 7.607209929781543423e+00 -1.500000000000000000e+00
6.206682849425845916e+00 7.702866477130625888e+00 -1.499999999999965361e+00
6.303699757448951502e+00 7.902267987149006245e+00 -1.500000000000000000e+00
6.410707635562140183e+00 8.307405269041357343e+00 -1.500000000000000000e+00
6.457563956955985063e+00 9.053018843203906485e+00 -1.500000000000000000e+00
6.306141655729788020e+00 1.000000000000000000e+01 -1.500000000000000000e+00
4.508996073536163607e+00 6.653745472550226303e+00 -0.000000000000000000e+00
4.509004987854550173e+00 6.653800575688845420e+00 -1.243111321492535153e-03
4.509050035326850114e+00 6.654076159935386592e+00 -7.463062001422784975e-03
4.509278297902849175e+00 6.655458330432622027e+00 -3.867303197719759722e-02
4.510451406263308982e+00 6.662490270993763453e+00 -1.975303760779540674e-01
4.516947407518213886e+00 6.701054201379660569e+00 -1.069134404949933836e+00
4.520283264147792579e+00 6.720170893862477790e+00 -1.499999999999999334e+00
4.520423241889890420e+00 6.720241754945828205e+00 -1.499999999999992450e+00
4.521123063500819050e+00 6.720596049620346513e+00 -1.500000000000000000e+00
4.524620680683286267e+00 6.722366884385874819e+00 -1.500000000000000000e+00
4.542072382772079031e+00 6.731203219464144460e+00 -1.499999999999986233e+00
4.628420235212468370e+00 6.774926748137207966e+00 -1.500000000000000000e+00
5.036747338185400658e+00 6.981704893419275137e+00 -1.500000000000000000e+00
5.929485012200746752e+00 7.433850535717855479e+00 -1.499999999999993117e+00
5.773136017994906943e+00 7.354725795701433810e+00 -1.499999999999986233e+00
5.780441269790636660e+00 7.358484455418072834e+00 -1.500000000000000000e+00
5.783039956034183859e+00 7.359904890674818567e+00 -1.499999999999979128e+00
5.792694041947540562e+00 7.365578242623610272e+00 -1.500000000000000000e+00
5.804794859869720547e+00 7.373592900723084043e+00 -1.500000000000000000e+00
5.826017238390500452e+00 7.390191559650774344e+00 -1.499999999999993117e+00
5.857821149065381761e+00 7.421664439638846922e+00 -1.500000000000000000e+00
5.905935162027075691e+00 7.487124576737807402e+00 -1.499999999999986233e+00
5.970333380919729649e+00 7.623254904418317324e+00 -1.500000000000000000e+00
6.035677510563258075e+00 7.899626065792037188e+00 -1.499999999999993117e+00
6.044907855588234291e+00 8.395974475993940089e+00 -1.500000000000000000e+00
5.905839162168213363e+00 9.000000000000000000e+00 -1.499999999999993117e+00
5.709418116100852814e+00 9.000000000000000000e+00 -1.500000000000000000e+00
5.546488029248966889e+00 9.000000000000000000e+00 -1.500000000000000000e+00
5.544512881458078191e+00 8.999999999999994671e+00 -1.500000000000000000e+00
5.544512881458078191e+00 8.999999999999994671e+00 -1.500000000000000000e+00
4.508996073536163607e+00 6.653745472550226303e+00 -0.000000000000000000e+00
4.553078191203705494e+00 6.729712124411784124e+00 -1.237411763324371750e+00
4.724681407088698215e+00 6.825613965041081421e+00 -1.499999999999956035e+00
4.780432290522711014e+00 6.862260759101483032e+00 -1.500000000000000000e+00
5.046118216936660517e+00 7.051000217483309740e+00 -1.499999999949556573e+00
6.168493459668508372e+00 7.924370623155329696e+00 -1.500000000000000000e+00
6.413669723334897377e+00 8.227931224324397164e+00 -1.500000000000000000e+00
6.596386178424128666e+00 8.667909185625706669e+00 -1.499999999957676744e+00
6.548831486949093339e+00 8.999999999937630335e+00 -1.500000000000000000e+00
6.130392231691772054e+00 9.000000000000000000e+00 -1.499999999974384046e+00
6.048556617257046852e+00 9.000000000000000000e+00 -1.499999999999795497e+00
6.050112599113293577e+00 9.000000000000000000e+00 -1.499999999944737095e+00
6.050110406243300432e+00 9.000000000000000000e+00 -1.499999999982241095e+00
6.050110394286439153e+00 8.999999999981453058e+00 -1.500000000000000000e+00
4.508996073536163607e+00 6.653745472550226303e+00 -0.000000000000000000e+00
4.463806085336138985e+00 6.676750898487768815e+00 -1.251879872520478276e+00
4.548692025826627905e+00 6.717651832873139384e+00 -1.499999999999773737e+00
4.587869294268163145e+00 6.733841389010804868e+00 -1.499999999974738429e+00
4.772525026342890442e+00 6.814644819725037550e+00 -1.499999999971788345e+00
5.286582376347071843e+00 7.058291903398425049e+00 -1.499999999980292875e+00
5.214320806910587969e+00 7.043496619748431442e+00 -1.499999999995973221e+00
5.189162413904676363e+00 7.062787320685091963e+00 -1.499999999997753797e+00
5.097787334573062878e+00 7.229036658986698782e+00 -1.500000000000000000e+00
5.071568923314395683e+00 7.398263642717866517e+00 -1.499999999974645837e+00
5.089424843652333941e+00 7.511247449825409817e+00 -1.500000000000000000e+00
5.104914666260342848e+00 7.523571894547607997e+00 -1.499999999953012475e+00
5.108873713403537131e+00 7.519639498642780140e+00 -1.500000000000000000e+00
5.109253590662960143e+00 7.518400874929490385e+00 -1.499999999987694954e+00
5.109246376764273734e+00 7.518328416651084645e+00 -1.500000000000000000e+00
5.109246376764273734e+00 7.518328416651084645e+00 -1.500000000000000000e+00
4.508996073536163607e+00 6.653745472550226303e+00 -0.000000000000000000e+00
3.652241486540072302e+00 6.195285208269443622e+00 -1.383408137939629912e+00
3.368728076961648998e+00 6.033164024838328920e+00 -1.499999999999536371e+00
3.046730498893628347e+00 5.876407401408862086e+00 -1.500000000000000000e+00
3.000000000000000000e+00 5.745363620481811928e+00 -1.499999999994235944e+00
3.000000000000000000e+00 4.916203000963979441e+00 -1.499999999999473532e+00
3.000000000000366818e+00 4.576943868071514210e+00 -1.500000000000000000e+00
3.000000000001822986e+00 4.633267367701998651e+00 -1.500000000000000000e+00
3.000000000000000000e+00 4.630429318160505403e+00 -1.499999999998991695e+00
3.000000000003723244e+00 4.630399682764211988e+00 -1.500000000000000000e+00
3.000000000003723244e+00 4.630399682764211988e+00 -1.500000000000000000e+00
4.508996073536163607e+00 6.653745472550226303e+00 -0.000000000000000000e+00
4.373632241025465106e+00 6.623254710685732682e+00 -1.266494124233717766e+00
4.379598743507515657e+00 6.614192429575284748e+00 -1.500000000000000000e+00
4.403721278418934126e+00 6.609161317344905306e+00 -1.499999999997078559e+00
4.512985541949043444e+00 6.580932075076219689e+00 -1.499999999988480548e+00
4.636209577167733187e+00 6.537907002407578716e+00 -1.499999999995932143e+00
4.636244884054252502e+00 6.526845125385015933e+00 -1.500000000000000000e+00
4.644112075277659457e+00 6.471175139038694013e+00 -1.499999999990681010e+00
4.663780156100748364e+00 6.318829920140920819e+00 -1.500000000000000000e+00
4.660440700557718863e+00 6.326691845597765429e+00 -1.500000000000000000e+00
4.660668308219128697e+00 6.326344729777598097e+00 -1.500000000000000000e+00
4.660668308219128697e+00 6.326344729777598097e+00 -1.500000000000000000e+00
4.508996073536163607e+00 6.653745472550226303e+00 -0.000000000000000000e+00
4.463806085336138985e+00 6.676750898487768815e+00 -1.251879872520478276e+00
4.548692025826627905e+00 6.717651832873139384e+00 -1.499999999999773737e+00
4.587869294268163145e+00 6.733841389010804868e+00 -1.499999999974738429e+00
4.772525026342890442e+00 6.814644819725037550e+00 -1.499999999971788345e+00
5.286582376347071843e+00 7.058291903398425049e+00 -1.499999999980292875e+00
5.214320806910587969e+00 7.043496619748431442e+00 -1.499999999995973221e+00
5.189162413904676363e+00 7.062787320685091963e+00 -1.499999999997753797e+00
5.097787334573062878e+00 7.229036658986698782e+00 -1.500000000000000000e+00
5.071568923314395683e+00 7.398263642717866517e+00 -1.499999999974645837e+00
5.089424843652333941e+00 7.511247449825409817e+00 -1.500000000000000000e+00
5.104914666260342848e+00 7.523571894547607997e+00 -1.499999999953012475e+00
5.108873713403537131e+00 7.519639498642780140e+00 -1.500000000000000000e+00
5.109253590662960143e+00 7.518400874929490385e+00 -1.499999999987694954e+00
5.109246376764273734e+00 7.518328416651084645e+00 -1.500000000000000000e+00
5.109246376764273734e+00 7.518328416651084645e+00 -1.500000000000000000e+00
4.508996073536163607e+00 6.653745472550226303e+00 -0.000000000000000000e+00
4.283458396714792116e+00 6.569758522883696550e+00 -1.281108375946955924e+00
4.221478595452336613e+00 6.517817200026486013e+00 -1.499999999999687361e+00
4.215830509860426289e+00 6.494382870074911551e+00 -1.499999999926332039e+00
4.190958288420011613e+00 6.380338518207747001e+00 -1.499999999990805355e+00
4.103436408762648924e+00 5.927112887590969770e+00 -1.499999999996784128e+00
4.111098888999267231e+00 5.924927394182822660e+00 -1.499999999973587572e+00
4.146423366459118576e+00 5.894999853154165415e+00 -1.499999999990431654e+00
4.284412811539449528e+00 5.775375636139048474e+00 -1.500000000000000000e+00
4.265753670915078288e+00 5.793633702052979118e+00 -1.499999999928397942e+00
4.267330348341791257e+00 5.791972910577261047e+00 -1.499999999941246553e+00
4.267351669357648980e+00 5.791954499663687805e+00 -1.500000000000000000e+00
4.267351669357648980e+00 5.791954499663687805e+00 -1.500000000000000000e+00
4.508996073536163607e+00 6.653745472550226303e+00 -0.000000000000000000e+00
4.193284552404120014e+00 6.516262335081660417e+00 -1.295722627660196746e+00
4.075046465323211464e+00 6.429301384030031485e+00 -1.499999999999748423e+00
4.059400940612268194e+00 6.399545157259873385e+00 -1.500000000000000000e+00
3.985930719587231774e+00 6.255613521170666047e+00 -1.500000000000000000e+00
3.716017682349131768e+00 5.711249228853207960e+00 -1.499999999962873254e+00
3.691180512830288585e+00 5.660479369279681983e+00 -1.500000000000000000e+00
3.688915896158519558e+00 5.656569734649038672e+00 -1.499999999973167464e+00
3.688499906846502086e+00 5.656534677685581158e+00 -1.500000000000000000e+00
3.686636004261394373e+00 5.657601260563923873e+00 -1.500000000000000000e+00
3.678108190378460929e+00 5.664270448589343587e+00 -1.499999999975732523e+00
3.651721871041013312e+00 5.686796419223917098e+00 -1.499999999959666708e+00
3.644528813829807756e+00 5.693166370989050762e+00 -1.499999999922100979e+00
3.642016981578851897e+00 5.695296440196205623e+00 -1.499999999996962208e+00
3.641700833603442433e+00 5.695528701505969238e+00 -1.500000000000000000e+00
3.641679780627179674e+00 5.695534860843462610e+00 -1.499999999999561240e+00
3.641680522036010448e+00 5.695531328993031828e+00 -1.500000000000000000e+00
3.641680522036010448e+00 5.695531328993031828e+00 -1.500000000000000000e+00
4.508996073536163607e+00 6.653745472550226303e+00 -0.000000000000000000e+00
4.193284552404120014e+00 6.516262335081660417e+00 -1.295722627660196746e+00
4.075046465323211464e+00 6.429301384030031485e+00 -1.499999999999748423e+00
4.059400940612268194e+00 6.399545157259873385e+00 -1.500000000000000000e+00
3.985930719587231774e+00 6.255613521170666047e+00 -1.500000000000000000e+00
3.716017682349131768e+00 5.711249228853207960e+00 -1.499999999962873254e+00
3.691180512830288585e+00 5.660479369279681983e+00 -1.500000000000000000e+00
3.688915896158519558e+00 5.656569734649038672e+00 -1.499999999973167464e+00
3.688499906846502086e+00 5.656534677685581158e+00 -1.500000000000000000e+00
3.686636004261394373e+00 5.657601260563923873e+00 -1.500000000000000000e+00
3.678108190378460929e+00 5.664270448589343587e+00 -1.499999999975732523e+00
3.651721871041013312e+00 5.686796419223917098e+00 -1.499999999959666708e+00
3.644528813829807756e+00 5.693166370989050762e+00 -1.499999999922100979e+00
3.642016981578851897e+00 5.695296440196205623e+00 -1.499999999996962208e+00
3.641700833603442433e+00 5.695528701505969238e+00 -1.500000000000000000e+00
3.641679780627179674e+00 5.695534860843462610e+00 -1.499999999999561240e+00
3.641680522036010448e+00 5.695531328993031828e+00 -1.500000000000000000e+00
3.641680522036010448e+00 5.695531328993031828e+00 -1.500000000000000000e+00
4.508996073536163607e+00 6.653745472550226303e+00 -0.000000000000000000e+00
4.193284552404120014e+00 6.516262335081660417e+00 -1.295722627660196746e+00
4.075046465323211464e+00 6.429301384030031485e+00 -1.499999999999748423e+00
4.059400940612268194e+00 6.399545157259873385e+00 -1.500000000000000000e+00
3.985930719587231774e+00 6.255613521170666047e+00 -1.500000000000000000e+00
3.716017682349131768e+00 5.711249228853207960e+00 -1.499999999962873254e+00
3.691180512830288585e+00 5.660479369279681983e+00 -1.500000000000000000e+00
3.688915896158519558e+00 5.656569734649038672e+00 -1.499999999973167464e+00
3.688499906846502086e+00 5.656534677685581158e+00 -1.500000000000000000e+00
3.686636004261394373e+00 5.657601260563923873e+00 -1.500000000000000000e+00
3.678108190378460929e+00 5.664270448589343587e+00 -1.499999999975732523e+00
3.651721871041013312e+00 5.686796419223917098e+00 -1.499999999959666708e+00
3.644528813829807756e+00 5.693166370989050762e+00 -1.499999999922100979e+00
3.642016981578851897e+00 5.695296440196205623e+00 -1.499999999996962208e+00
3.641700833603442433e+00 5.695528701505969238e+00 -1.500000000000000000e+00
3.641679780627179674e+00 5.695534860843462610e+00 -1.499999999999561240e+00
3.641680522036010448e+00 5.695531328993031828e+00 -1.500000000000000000e+00
3.641680522036010448e+00 5.695531328993031828e+00 -1.500000000000000000e+00
4.505850727680035028e+00 6.672699839750650952e+00 -0.000000000000000000e+00
4.186662138992202742e+00 6.535208865902967901e+00 -1.301655310014392164e+00
4.505850727680035028e+00 6.672699839750635853e+00 -0.000000000000000000e+00
4.186662138965789204e+00 6.535208865902977671e+00 -1.301655310023121848e+00
4.508996073536163607e+00 6.653745472550226303e+00 -0.000000000000000000e+00
4.508996073536163607e+00 6.653745472550226303e+00 -0.000000000000000000e+00
4.463806085336138985e+00 6.676750898487768815e+00 -1.251879872520478276e+00
4.548692025826627905e+00 6.717651832873139384e+00 -1.499999999999773737e+00
4.587869294268163145e+00 6.733841389010804868e+00 -1.499999999974738429e+00
4.772525026342890442e+00 6.814644819725037550e+00 -1.499999999971788345e+00
5.286582376347071843e+00 7.058291903398425049e+00 -1.499999999980292875e+00
5.214320806910587969e+00 7.043496619748431442e+00 -1.499999999995973221e+00
5.189162413904676363e+00 7.062787320685091963e+00 -1.499999999997753797e+00
5.097787334573062878e+00 7.229036658986698782e+00 -1.500000000000000000e+00
5.071568923314395683e+00 7.398263642717866517e+00 -1.499999999974645837e+00
5.089424843652333941e+00 7.511247449825409817e+00 -1.500000000000000000e+00
5.104914666260342848e+00 7.523571894547607997e+00 -1.499999999953012475e+00
5.108873713403537131e+00 7.519639498642780140e+00 -1.500000000000000000e+00
5.109253590662960143e+00 7.518400874929490385e+00 -1.499999999987694954e+00
5.109246376764273734e+00 7.518328416651084645e+00 -1.500000000000000000e+00
5.109246376764273734e+00 7.518328416651084645e+00 -1.500000000000000000e+00
4.508996073536163607e+00 6.653745472550226303e+00 -0.000000000000000000e+00
4.463806085336138985e+00 6.676750898487768815e+00 -1.251879872520478276e+00
4.548692025826627905e+00 6.717651832873139384e+00 -1.499999999999773737e+00
4.587869294268163145e+00 6.733841389010804868e+00 -1.499999999974738429e+00
4.772525026342890442e+00 6.814644819725037550e+00 -1.499999999971788345e+00
5.286582376347071843e+00 7.058291903398425049e+00 -1.499999999980292875e+00
5.214320806910587969e+00 7.043496619748431442e+00 -1.499999999995973221e+00
5.189162413904676363e+00 7.062787320685091963e+00 -1.499999999997753797e+00
5.097787334573062878e+00 7.229036658986698782e+00 -1.500000000000000000e+00
5.071568923314395683e+00 7.398263642717866517e+00 -1.499999999974645837e+00
5.089424843652333941e+00 7.511247449825409817e+00 -1.500000000000000000e+00
5.104914666260342848e+00 7.523571894547607997e+00 -1.499999999953012475e+00
5.108873713403537131e+00 7.519639498642780140e+00 -1.500000000000000000e+00
5.109253590662960143e+00 7.518400874929490385e+00 -1.499999999987694954e+00
5.109246376764273734e+00 7.518328416651084645e+00 -1.500000000000000000e+00
5.109246376764273734e+00 7.518328416651084645e+00 -1.500000000000000000e+00
4.508996073536163607e+00 6.653745472550226303e+00 -0.000000000000000000e+00
4.463806085336138985e+00 6.676750898487768815e+00 -1.251879872520478276e+00
4.548692025826627905e+00 6.717651832873139384e+00 -1.499999999999773737e+00
4.587869294268163145e+00 6.733841389010804868e+00 -1.499999999974738429e+00
4.772525026342890442e+00 6.814644819725037550e+00 -1.499999999971788345e+00
5.286582376347071843e+00 7.058291903398425049e+00 -1.499999999980292875e+00
5.214320806910587969e+00 7.043496619748431442e+00 -1.499999999995973221e+00
5.189162413904676363e+00 7.062787320685091963e+00 -1.499999999997753797e+00
5.097787334573062878e+00 7.229036658986698782e+00 -1.500000000000000000e+00
5.071568923314395683e+00 7.398263642717866517e+00 -1.499999999974645837e+00
5.089424843652333941e+00 7.511247449825409817e+00 -1.500000000000000000e+00
5.104914666260342848e+00 7.523571894547607997e+00 -1.499999999953012475e+00
5.108873713403537131e+00 7.519639498642780140e+00 -1.500000000000000000e+00
5.109253590662960143e+00 7.518400874929490385e+00 -1.499999999987694954e+00
5.109246376764273734e+00 7.518328416651084645e+00 -1.500000000000000000e+00
5.109246376764273734e+00 7.518328416651084645e+00 -1.500000000000000000e+00
4.505850727680035028e+00 6.672699839750656281e+00 -0.000000000000000000e+00
4.460520890173379271e+00 6.695679225057461714e+00 -1.260150580822458455e+00
4.546681636015567740e+00 6.736514353465333116e+00 -1.499999999999997780e+00
4.584497305601077599e+00 6.752426854889367114e+00 -1.500000000000000000e+00
4.762834809855460705e+00 6.831975500914981403e+00 -1.499999999952953189e+00
5.272830170760774315e+00 7.078437958317614687e+00 -1.499999999984659826e+00
5.202831164182687651e+00 7.064304307236715985e+00 -1.499999999943284701e+00
5.176407065621461356e+00 7.084151399034825047e+00 -1.499999999969211739e+00
5.084981885764006115e+00 7.247747529787298859e+00 -1.500000000000000000e+00
5.058448569750908952e+00 7.415898770275711094e+00 -1.499999999990196287e+00
5.076277960230639152e+00 7.535976495156933019e+00 -1.500000000000000000e+00
5.092456842398584982e+00 7.549733286824489298e+00 -1.500000000000000000e+00
5.096693311129396164e+00 7.545634314339675797e+00 -1.499999999994247490e+00
5.097116673680894827e+00 7.544276639274825058e+00 -1.499999999996300071e+00
5.097109303884545639e+00 7.544193811245655468e+00 -1.500000000000000000e+00
5.097109303884545639e+00 7.544193811245655468e+00 -1.500000000000000000e+00
4.505850727680035028e+00 6.672699839750656281e+00 -0.000000000000000000e+00
4.460520890173379271e+00 6.695679225057461714e+00 -1.260150580822458455e+00
4.546681636015567740e+00 6.736514353465333116e+00 -1.499999999999997780e+00
4.584497305601077599e+00 6.752426854889367114e+00 -1.500000000000000000e+00
4.762834809855460705e+00 6.831975500914981403e+00 -1.499999999952953189e+00
5.272830170760774315e+00 7.078437958317614687e+00 -1.499999999984659826e+00
5.202831164182687651e+00 7.064304307236715985e+00 -1.499999999943284701e+00
5.176407065621461356e+00 7.084151399034825047e+00 -1.499999999969211739e+00
5.084981885764006115e+00 7.247747529787298859e+00 -1.500000000000000000e+00
5.058448569750908952e+00 7.415898770275711094e+00 -1.499999999990196287e+00
5.076277960230639152e+00 7.535976495156933019e+00 -1.500000000000000000e+00
5.092456842398584982e+00 7.549733286824489298e+00 -1.500000000000000000e+00
5.096693311129396164e+00 7.545634314339675797e+00 -1.499999999994247490e+00
5.097116673680894827e+00 7.544276639274825058e+00 -1.499999999996300071e+00
5.097109303884545639e+00 7.544193811245655468e+00 -1.500000000000000000e+00
5.097109303884545639e+00 7.544193811245655468e+00 -1.500000000000000000e+00
4.505850727680035028e+00 6.672699839750656281e+00 -0.000000000000000000e+00
4.460520890173379271e+00 6.695679225057461714e+00 -1.260150580822458455e+00
4.557576422516479653e+00 6.741835510100057327e+00 -2.000000000000000000e+00
4.547965047597442911e+00 6.785019594824878375e+00 -1.999999999987625454e+00
4.509715392704050529e+00 6.993035599585568640e+00 -2.000000000000000000e+00
4.398985505561824993e+00 7.744625159754559007e+00 -1.999999999976827869e+00
4.391759148078439701e+00 7.953703263430660364e+00 -1.999999999933415484e+00
4.409506524436992869e+00 8.088933934614017218e+00 -1.999999999980204723e+00
4.438893173623987387e+00 8.128948357460059171e+00 -2.000000000000000000e+00
4.460288855063430979e+00 8.104761188752505063e+00 -2.000000000000000000e+00
4.465133979465537806e+00 8.082186379391419706e+00 -1.999999999985259569e+00
4.465001610503917640e+00 8.077954525884065262e+00 -2.000000000000000000e+00
4.464907213407290243e+00 8.077782264304378401e+00 -1.999999999974057641e+00
4.464905769255589796e+00 8.077782310992297710e+00 -1.999999999999994227e+00
4.464902185130853240e+00 8.077782562161500479e+00 -2.000000000000000000e+00
4.505850727680035028e+00 6.672699839750656281e+00 -0.000000000000000000e+00
4.960815372932591671e+00 6.707163044439893973e+00 -5.611904175700271891e-01
6.393172354096015475e+00 6.814192062846266218e+00 -1.999999999999996447e+00
6.912845572307532827e+00 6.882533280039513812e+00 -2.000000000000000000e+00
9.181383153687512788e+00 7.269126941406971909e+00 -2.000000000000000000e+00
9.999999999999545253e+00 7.526499165253778934e+00 -2.000000000000000000e+00
9.999999999999880984e+00 7.650801407047937985e+00 -2.000000000000000000e+00
9.999999999999912959e+00 8.249723307469750466e+00 -2.000000000000000000e+00
1.000000000000000000e+01 1.000000000000000000e+01 -1.999999999999769296e+00
1.000000000000000000e+01 1.000000000000000000e+01 -1.999999999999769296e+00
